<?xml version="1.0" encoding="UTF-8"?>
<!-- Generated by org.testng.reporters.JUnitReportReporter -->
<testsuite hostname="LNGWVDV-3e33" failures="0" tests="2" name="testRunner.CucumberRunnerTests" time="291.857" errors="0" timestamp="05 Jan 2023 07:19:31 GMT" skipped="0">
  <testcase classname="testRunner.CucumberRunnerTests" name="runScenario" time="270.830"/>
  <testcase classname="testRunner.CucumberRunnerTests" name="runScenario" time="21.027"/>
</testsuite> <!-- testRunner.CucumberRunnerTests -->
